[12/29/23 03:17:09] crowsnest: crowsnest - A webcam Service for multiple Cams and Stream Services.
[12/29/23 03:17:09] crowsnest: Version: v4.1.1-1-gf7ac6aa
[12/29/23 03:17:09] crowsnest: Prepare Startup ...
[12/29/23 03:17:09] crowsnest: INFO: Host information:
[12/29/23 03:17:09] crowsnest: Host Info: Distribution: Raspbian GNU/Linux 11 (bullseye)
[12/29/23 03:17:09] crowsnest: Host Info: Kernel: Linux 6.1.61-v7+ armv7l
[12/29/23 03:17:09] crowsnest: Host Info: Model:  Raspberry Pi 3 Model B Plus Rev 1.3
[12/29/23 03:17:09] crowsnest: Host Info: Available CPU Cores: 4
[12/29/23 03:17:10] crowsnest: Host Info: Available Memory: 859212 kB
[12/29/23 03:17:10] crowsnest: Host Info: Diskspace (avail. / total): 100G / 118G
[12/29/23 03:17:10] crowsnest: INFO: Checking Dependencies
[12/29/23 03:17:10] crowsnest: Dependency: 'crudini' found in /usr/bin/crudini.
[12/29/23 03:17:10] crowsnest: Dependency: 'find' found in /usr/bin/find.
[12/29/23 03:17:10] crowsnest: Dependency: 'xargs' found in /usr/bin/xargs.
[12/29/23 03:17:10] crowsnest: Dependency: 'ustreamer' found in bin/ustreamer/ustreamer.
[12/29/23 03:17:10] crowsnest: Dependency: 'camera-streamer' found in bin/camera-streamer/camera-streamer.
[12/29/23 03:17:10] crowsnest: Version Control: ustreamer new version available: 8175681 (v5.45).
[12/29/23 03:17:12] crowsnest: Version Control: camera-streamer is up to date. ((f1627aa))
[12/29/23 03:17:12] crowsnest: INFO: Print Configfile: '/home/pi/printer_data/config/crowsnest.conf'
[12/29/23 03:17:12] crowsnest:		[crowsnest]
[12/29/23 03:17:12] crowsnest:		log_path: /home/pi/printer_data/logs/crowsnest.log
[12/29/23 03:17:12] crowsnest:		log_level: verbose
[12/29/23 03:17:12] crowsnest:		delete_log: true
[12/29/23 03:17:12] crowsnest:		no_proxy: false
[12/29/23 03:17:12] crowsnest:		
[12/29/23 03:17:12] crowsnest:		[cam raspi]
[12/29/23 03:17:12] crowsnest:		mode: camera-streamer
[12/29/23 03:17:12] crowsnest:		
[12/29/23 03:17:12] crowsnest:		enable_rtsp: false
[12/29/23 03:17:12] crowsnest:		rtsp_port: 8554
[12/29/23 03:17:12] crowsnest:		port: 8080
[12/29/23 03:17:12] crowsnest:		device: /base/soc/i2c0mux/i2c@1/imx219@10
[12/29/23 03:17:12] crowsnest:		resolution: 640x480
[12/29/23 03:17:12] crowsnest:		max_fps: 15
[12/29/23 03:17:12] crowsnest: INFO: Detect available Devices
[12/29/23 03:17:12] crowsnest: INFO: Found 1 total available Device(s)
[12/29/23 03:17:12] crowsnest: Detected 'libcamera' device -> /base/soc/i2c0mux/i2c@1/imx219@10
[12/29/23 03:17:12] crowsnest: Try to start configured Cams / Services...
[12/29/23 03:17:15] crowsnest: INFO: Configuration of Section [cam raspi] looks good. Continue ...
[12/29/23 03:17:17] crowsnest:  ... Done!
[12/29/23 03:17:18] crowsnest: Starting camera-streamer with Device /base/soc/i2c0mux/i2c@1/imx219@10 ...
